<?xml version="1.0" encoding="UTF-8"?>
<!-- Generated by org.testng.reporters.JUnitXMLReporter -->
<testsuite hostname="Fahad" name="Test" tests="9" failures="0" timestamp="9 Nov 2016 00:51:15 GMT" time="104.375" errors="0">
  <testcase name="categoryListOfEntertainment" time="2.631" classname="com.facebookProject.fcebookProject.test.Scenario002"/>
  <testcase name="listOfGamesNamedMania" time="7.188" classname="com.facebookProject.fcebookProject.test.Scenario008"/>
  <testcase name="verifyAdSettingsPage" time="2.62" classname="com.facebookProject.fcebookProject.test.Scenario003"/>
  <testcase name="verifyInvalidLogin" time="1.581" classname="com.facebookProject.fcebookProject.test.Scenario009"/>
  <testcase name="verifyTryAnotherText" time="2.453" classname="com.facebookProject.fcebookProject.test.Scenario001"/>
  <testcase name="playAuthenticateSelfVideo" time="14.835" classname="com.facebookProject.fcebookProject.test.Scenario006"/>
  <testcase name="scrollDownnAndLoadPage" time="22.669" classname="com.facebookProject.fcebookProject.test.Scenario010"/>
  <testcase name="submittingFeedback" time="4.539" classname="com.facebookProject.fcebookProject.test.Scenario007"/>
  <testcase name="listOfWesternEuropeLanguages" time="1.766" classname="com.facebookProject.fcebookProject.test.Scenario004"/>
</testsuite> <!-- Test -->
