<?xml version="1.0" encoding="UTF-8"?>
<testng-results skipped="0" failed="0" total="1" passed="1">
  <reporter-output>
  </reporter-output>
  <suite name="Default suite" duration-ms="9850" started-at="2016-11-08T18:09:30Z" finished-at="2016-11-08T18:09:40Z">
    <groups>
    </groups>
    <test name="Default test" duration-ms="9850" started-at="2016-11-08T18:09:30Z" finished-at="2016-11-08T18:09:40Z">
      <class name="com.facebookProject.fcebookProject.test.Scenario001">
        <test-method status="PASS" signature="intializeWebDriver()[pri:0, instance:com.facebookProject.fcebookProject.test.Scenario001@26f46fa6]" name="intializeWebDriver" is-config="true" duration-ms="4230" started-at="2016-11-08T13:09:30Z" finished-at="2016-11-08T13:09:34Z">
          <reporter-output>
          </reporter-output>
        </test-method> <!-- intializeWebDriver -->
        <test-method status="PASS" signature="verifyTryAnotherText()[pri:0, instance:com.facebookProject.fcebookProject.test.Scenario001@26f46fa6]" name="verifyTryAnotherText" duration-ms="4013" started-at="2016-11-08T13:09:34Z" finished-at="2016-11-08T13:09:38Z">
          <reporter-output>
          </reporter-output>
        </test-method> <!-- verifyTryAnotherText -->
        <test-method status="PASS" signature="tearDown()[pri:0, instance:com.facebookProject.fcebookProject.test.Scenario001@26f46fa6]" name="tearDown" is-config="true" duration-ms="1356" started-at="2016-11-08T13:09:38Z" finished-at="2016-11-08T13:09:40Z">
          <reporter-output>
          </reporter-output>
        </test-method> <!-- tearDown -->
      </class> <!-- com.facebookProject.fcebookProject.test.Scenario001 -->
    </test> <!-- Default test -->
  </suite> <!-- Default suite -->
</testng-results>
